-------------------------------------------------------------------------------
Test set: repository.TestTweetRepository
-------------------------------------------------------------------------------
Tests run: 1, Failures: 0, Errors: 1, Skipped: 0, Time elapsed: 0.296 sec <<< FAILURE!
repository.TestTweetRepository  Time elapsed: 0.296 sec  <<< ERROR!
org.apache.openejb.OpenEjbContainer$AssembleApplicationException: org.apache.openejb.OpenEJBException: Creating application failed: /home/luis/Documents/gbr/java-ee-andorinha-api: org/hibernate/jpa/HibernatePersistenceProvider has been compiled by a more recent version of the Java Runtime (class file version 55.0), this version of the Java Runtime only recognizes class file versions up to 52.0
	at org.apache.openejb.OpenEjbContainer$Provider.createAppContext(OpenEjbContainer.java:438)
	at org.apache.openejb.OpenEjbContainer$Provider.createEJBContainer(OpenEjbContainer.java:282)
	at javax.ejb.embeddable.EJBContainer.createEJBContainer(EJBContainer.java:56)
	at runner.TestRunnerStartingDecorator.before(TestRunnerStartingDecorator.java:84)
	at org.apache.openejb.junit.jee.statement.DecoratingStatement.evaluate(DecoratingStatement.java:30)
	at org.apache.openejb.junit.jee.statement.DecoratingStatement.evaluate(DecoratingStatement.java:32)
	at org.apache.openejb.junit.jee.statement.DecoratingStatement.evaluate(DecoratingStatement.java:32)
	at org.junit.runners.ParentRunner.run(ParentRunner.java:363)
	at org.apache.maven.surefire.junit4.JUnit4Provider.execute(JUnit4Provider.java:252)
	at org.apache.maven.surefire.junit4.JUnit4Provider.executeTestSet(JUnit4Provider.java:141)
	at org.apache.maven.surefire.junit4.JUnit4Provider.invoke(JUnit4Provider.java:112)
	at sun.reflect.NativeMethodAccessorImpl.invoke0(Native Method)
	at sun.reflect.NativeMethodAccessorImpl.invoke(NativeMethodAccessorImpl.java:62)
	at sun.reflect.DelegatingMethodAccessorImpl.invoke(DelegatingMethodAccessorImpl.java:43)
	at java.lang.reflect.Method.invoke(Method.java:498)
	at org.apache.maven.surefire.util.ReflectionUtils.invokeMethodWithArray(ReflectionUtils.java:189)
	at org.apache.maven.surefire.booter.ProviderFactory$ProviderProxy.invoke(ProviderFactory.java:165)
	at org.apache.maven.surefire.booter.ProviderFactory.invokeProvider(ProviderFactory.java:85)
	at org.apache.maven.surefire.booter.ForkedBooter.runSuitesInProcess(ForkedBooter.java:115)
	at org.apache.maven.surefire.booter.ForkedBooter.main(ForkedBooter.java:75)
Caused by: org.apache.openejb.OpenEJBException: Creating application failed: /home/luis/Documents/gbr/java-ee-andorinha-api: org/hibernate/jpa/HibernatePersistenceProvider has been compiled by a more recent version of the Java Runtime (class file version 55.0), this version of the Java Runtime only recognizes class file versions up to 52.0
	at org.apache.openejb.assembler.classic.Assembler.createApplication(Assembler.java:1107)
	at org.apache.openejb.assembler.classic.Assembler.createApplication(Assembler.java:762)
	at org.apache.openejb.OpenEjbContainer$Provider.createAppContext(OpenEjbContainer.java:434)
	... 19 more
Caused by: java.lang.UnsupportedClassVersionError: org/hibernate/jpa/HibernatePersistenceProvider has been compiled by a more recent version of the Java Runtime (class file version 55.0), this version of the Java Runtime only recognizes class file versions up to 52.0
	at java.lang.ClassLoader.defineClass1(Native Method)
	at java.lang.ClassLoader.defineClass(ClassLoader.java:756)
	at java.security.SecureClassLoader.defineClass(SecureClassLoader.java:142)
	at java.net.URLClassLoader.defineClass(URLClassLoader.java:473)
	at java.net.URLClassLoader.access$100(URLClassLoader.java:74)
	at java.net.URLClassLoader$1.run(URLClassLoader.java:369)
	at java.net.URLClassLoader$1.run(URLClassLoader.java:363)
	at java.security.AccessController.doPrivileged(Native Method)
	at java.net.URLClassLoader.findClass(URLClassLoader.java:362)
	at java.lang.ClassLoader.loadClass(ClassLoader.java:418)
	at sun.misc.Launcher$AppClassLoader.loadClass(Launcher.java:352)
	at java.lang.ClassLoader.loadClass(ClassLoader.java:351)
	at org.apache.openejb.assembler.classic.EntityManagerFactoryCallable.call(EntityManagerFactoryCallable.java:84)
	at org.apache.openejb.assembler.classic.ReloadableEntityManagerFactory.createDelegate(ReloadableEntityManagerFactory.java:134)
	at org.apache.openejb.assembler.classic.ReloadableEntityManagerFactory.<init>(ReloadableEntityManagerFactory.java:105)
	at org.apache.openejb.assembler.classic.PersistenceBuilder.createEntityManagerFactory(PersistenceBuilder.java:157)
	at org.apache.openejb.assembler.classic.Assembler.createApplication(Assembler.java:927)
	... 21 more

