<?xml version="1.0" encoding="UTF-8" ?>
<testsuite tests="1" failures="0" name="repository.TestTweetRepository" time="0.296" errors="1" skipped="0">
  <properties>
[...]
</properties>
  <testcase classname="repository.TestTweetRepository" name="repository.TestTweetRepository" time="0.296">
    <error message="org.apache.openejb.OpenEJBException: Creating application failed: /home/luis/Documents/gbr/java-ee-andorinha-api: org/hibernate/jpa/HibernatePersistenceProvider has been compiled by a more recent version of the Java Runtime (class file version 55.0), this version of the Java Runtime only recognizes class file versions up to 52.0" type="org.apache.openejb.OpenEjbContainer$AssembleApplicationException">org.apache.openejb.OpenEjbContainer$AssembleApplicationException: org.apache.openejb.OpenEJBException: Creating application failed: /home/luis/Documents/gbr/java-ee-andorinha-api: org/hibernate/jpa/HibernatePersistenceProvider has been compiled by a more recent version of the Java Runtime (class file version 55.0), this version of the Java Runtime only recognizes class file versions up to 52.0
	at org.apache.openejb.OpenEjbContainer$Provider.createAppContext(OpenEjbContainer.java:438)
	at org.apache.openejb.OpenEjbContainer$Provider.createEJBContainer(OpenEjbContainer.java:282)
	at javax.ejb.embeddable.EJBContainer.createEJBContainer(EJBContainer.java:56)
	at runner.TestRunnerStartingDecorator.before(TestRunnerStartingDecorator.java:84)
	at org.apache.openejb.junit.jee.statement.DecoratingStatement.evaluate(DecoratingStatement.java:30)
	at org.apache.openejb.junit.jee.statement.DecoratingStatement.evaluate(DecoratingStatement.java:32)
	at org.apache.openejb.junit.jee.statement.DecoratingStatement.evaluate(DecoratingStatement.java:32)
	at org.junit.runners.ParentRunner.run(ParentRunner.java:363)
	at org.apache.maven.surefire.junit4.JUnit4Provider.execute(JUnit4Provider.java:252)
	at org.apache.maven.surefire.junit4.JUnit4Provider.executeTestSet(JUnit4Provider.java:141)
	at org.apache.maven.surefire.junit4.JUnit4Provider.invoke(JUnit4Provider.java:112)
	at sun.reflect.NativeMethodAccessorImpl.invoke0(Native Method)
	at sun.reflect.NativeMethodAccessorImpl.invoke(NativeMethodAccessorImpl.java:62)
	at sun.reflect.DelegatingMethodAccessorImpl.invoke(DelegatingMethodAccessorImpl.java:43)
	at java.lang.reflect.Method.invoke(Method.java:498)
	at org.apache.maven.surefire.util.ReflectionUtils.invokeMethodWithArray(ReflectionUtils.java:189)
	at org.apache.maven.surefire.booter.ProviderFactory$ProviderProxy.invoke(ProviderFactory.java:165)
	at org.apache.maven.surefire.booter.ProviderFactory.invokeProvider(ProviderFactory.java:85)
	at org.apache.maven.surefire.booter.ForkedBooter.runSuitesInProcess(ForkedBooter.java:115)
	at org.apache.maven.surefire.booter.ForkedBooter.main(ForkedBooter.java:75)
Caused by: org.apache.openejb.OpenEJBException: Creating application failed: /home/luis/Documents/gbr/java-ee-andorinha-api: org/hibernate/jpa/HibernatePersistenceProvider has been compiled by a more recent version of the Java Runtime (class file version 55.0), this version of the Java Runtime only recognizes class file versions up to 52.0
	at org.apache.openejb.assembler.classic.Assembler.createApplication(Assembler.java:1107)
	at org.apache.openejb.assembler.classic.Assembler.createApplication(Assembler.java:762)
	at org.apache.openejb.OpenEjbContainer$Provider.createAppContext(OpenEjbContainer.java:434)
	... 19 more
Caused by: java.lang.UnsupportedClassVersionError: org/hibernate/jpa/HibernatePersistenceProvider has been compiled by a more recent version of the Java Runtime (class file version 55.0), this version of the Java Runtime only recognizes class file versions up to 52.0
	at java.lang.ClassLoader.defineClass1(Native Method)
	at java.lang.ClassLoader.defineClass(ClassLoader.java:756)
	at java.security.SecureClassLoader.defineClass(SecureClassLoader.java:142)
	at java.net.URLClassLoader.defineClass(URLClassLoader.java:473)
	at java.net.URLClassLoader.access$100(URLClassLoader.java:74)
	at java.net.URLClassLoader$1.run(URLClassLoader.java:369)
	at java.net.URLClassLoader$1.run(URLClassLoader.java:363)
	at java.security.AccessController.doPrivileged(Native Method)
	at java.net.URLClassLoader.findClass(URLClassLoader.java:362)
	at java.lang.ClassLoader.loadClass(ClassLoader.java:418)
	at sun.misc.Launcher$AppClassLoader.loadClass(Launcher.java:352)
	at java.lang.ClassLoader.loadClass(ClassLoader.java:351)
	at org.apache.openejb.assembler.classic.EntityManagerFactoryCallable.call(EntityManagerFactoryCallable.java:84)
	at org.apache.openejb.assembler.classic.ReloadableEntityManagerFactory.createDelegate(ReloadableEntityManagerFactory.java:134)
	at org.apache.openejb.assembler.classic.ReloadableEntityManagerFactory.&lt;init&gt;(ReloadableEntityManagerFactory.java:105)
	at org.apache.openejb.assembler.classic.PersistenceBuilder.createEntityManagerFactory(PersistenceBuilder.java:157)
	at org.apache.openejb.assembler.classic.Assembler.createApplication(Assembler.java:927)
	... 21 more
</error>
    <system-err>mai 10, 2023 3:51:36 PM org.apache.openejb.util.LogStreamAsync run
INFO: Adjusting PersistenceUnit primary &lt;non-jta-data-source&gt; to Resource ID &apos;andorinhaDSNonJta&apos; from &apos;null&apos;
mai 10, 2023 3:51:36 PM org.apache.openejb.util.LogStreamAsync run
INFO: Enterprise application &quot;/home/luis/Documents/gbr/java-ee-andorinha-api&quot; loaded.
mai 10, 2023 3:51:36 PM org.apache.openejb.util.LogStreamAsync run
INFO: Assembling app: /home/luis/Documents/gbr/java-ee-andorinha-api
mai 10, 2023 3:51:36 PM org.apache.openejb.util.LogStreamAsync run
INFO: PersistenceUnit(name=primary, provider=org.hibernate.jpa.HibernatePersistenceProvider) - provider time 0ms
mai 10, 2023 3:51:36 PM org.apache.openejb.util.LogStreamAsync run
INFO: Undeploying app: /home/luis/Documents/gbr/java-ee-andorinha-api
mai 10, 2023 3:51:36 PM org.apache.openejb.util.LogStreamAsync run
SEVERE: undeployException original cause
java.lang.Exception: deployment not found: java-ee-andorinha-api_test.Comp1163216403
	at org.apache.openejb.assembler.classic.Assembler.destroyApplication(Assembler.java:2378)
	at org.apache.openejb.assembler.classic.Assembler.createApplication(Assembler.java:1103)
	at org.apache.openejb.assembler.classic.Assembler.createApplication(Assembler.java:762)
	at org.apache.openejb.OpenEjbContainer$Provider.createAppContext(OpenEjbContainer.java:434)
	at org.apache.openejb.OpenEjbContainer$Provider.createEJBContainer(OpenEjbContainer.java:282)
	at javax.ejb.embeddable.EJBContainer.createEJBContainer(EJBContainer.java:56)
	at runner.TestRunnerStartingDecorator.before(TestRunnerStartingDecorator.java:84)
	at org.apache.openejb.junit.jee.statement.DecoratingStatement.evaluate(DecoratingStatement.java:30)
	at org.apache.openejb.junit.jee.statement.DecoratingStatement.evaluate(DecoratingStatement.java:32)
	at org.apache.openejb.junit.jee.statement.DecoratingStatement.evaluate(DecoratingStatement.java:32)
	at org.junit.runners.ParentRunner.run(ParentRunner.java:363)
	at org.apache.maven.surefire.junit4.JUnit4Provider.execute(JUnit4Provider.java:252)
	at org.apache.maven.surefire.junit4.JUnit4Provider.executeTestSet(JUnit4Provider.java:141)
	at org.apache.maven.surefire.junit4.JUnit4Provider.invoke(JUnit4Provider.java:112)
	at sun.reflect.NativeMethodAccessorImpl.invoke0(Native Method)
	at sun.reflect.NativeMethodAccessorImpl.invoke(NativeMethodAccessorImpl.java:62)
	at sun.reflect.DelegatingMethodAccessorImpl.invoke(DelegatingMethodAccessorImpl.java:43)
	at java.lang.reflect.Method.invoke(Method.java:498)
	at org.apache.maven.surefire.util.ReflectionUtils.invokeMethodWithArray(ReflectionUtils.java:189)
	at org.apache.maven.surefire.booter.ProviderFactory$ProviderProxy.invoke(ProviderFactory.java:165)
	at org.apache.maven.surefire.booter.ProviderFactory.invokeProvider(ProviderFactory.java:85)
	at org.apache.maven.surefire.booter.ForkedBooter.runSuitesInProcess(ForkedBooter.java:115)
	at org.apache.maven.surefire.booter.ForkedBooter.main(ForkedBooter.java:75)

mai 10, 2023 3:51:36 PM org.apache.openejb.util.LogStreamAsync run
SEVERE: undeployException original cause
java.lang.Exception: deployment not found: ComentarioRepository
	at org.apache.openejb.assembler.classic.Assembler.destroyApplication(Assembler.java:2378)
	at org.apache.openejb.assembler.classic.Assembler.createApplication(Assembler.java:1103)
	at org.apache.openejb.assembler.classic.Assembler.createApplication(Assembler.java:762)
	at org.apache.openejb.OpenEjbContainer$Provider.createAppContext(OpenEjbContainer.java:434)
	at org.apache.openejb.OpenEjbContainer$Provider.createEJBContainer(OpenEjbContainer.java:282)
	at javax.ejb.embeddable.EJBContainer.createEJBContainer(EJBContainer.java:56)
	at runner.TestRunnerStartingDecorator.before(TestRunnerStartingDecorator.java:84)
	at org.apache.openejb.junit.jee.statement.DecoratingStatement.evaluate(DecoratingStatement.java:30)
	at org.apache.openejb.junit.jee.statement.DecoratingStatement.evaluate(DecoratingStatement.java:32)
	at org.apache.openejb.junit.jee.statement.DecoratingStatement.evaluate(DecoratingStatement.java:32)
	at org.junit.runners.ParentRunner.run(ParentRunner.java:363)
	at org.apache.maven.surefire.junit4.JUnit4Provider.execute(JUnit4Provider.java:252)
	at org.apache.maven.surefire.junit4.JUnit4Provider.executeTestSet(JUnit4Provider.java:141)
	at org.apache.maven.surefire.junit4.JUnit4Provider.invoke(JUnit4Provider.java:112)
	at sun.reflect.NativeMethodAccessorImpl.invoke0(Native Method)
	at sun.reflect.NativeMethodAccessorImpl.invoke(NativeMethodAccessorImpl.java:62)
	at sun.reflect.DelegatingMethodAccessorImpl.invoke(DelegatingMethodAccessorImpl.java:43)
	at java.lang.reflect.Method.invoke(Method.java:498)
	at org.apache.maven.surefire.util.ReflectionUtils.invokeMethodWithArray(ReflectionUtils.java:189)
	at org.apache.maven.surefire.booter.ProviderFactory$ProviderProxy.invoke(ProviderFactory.java:165)
	at org.apache.maven.surefire.booter.ProviderFactory.invokeProvider(ProviderFactory.java:85)
	at org.apache.maven.surefire.booter.ForkedBooter.runSuitesInProcess(ForkedBooter.java:115)
	at org.apache.maven.surefire.booter.ForkedBooter.main(ForkedBooter.java:75)

mai 10, 2023 3:51:36 PM org.apache.openejb.util.LogStreamAsync run
SEVERE: undeployException original cause
java.lang.Exception: deployment not found: TweetRepository
	at org.apache.openejb.assembler.classic.Assembler.destroyApplication(Assembler.java:2378)
	at org.apache.openejb.assembler.classic.Assembler.createApplication(Assembler.java:1103)
	at org.apache.openejb.assembler.classic.Assembler.createApplication(Assembler.java:762)
	at org.apache.openejb.OpenEjbContainer$Provider.createAppContext(OpenEjbContainer.java:434)
	at org.apache.openejb.OpenEjbContainer$Provider.createEJBContainer(OpenEjbContainer.java:282)
	at javax.ejb.embeddable.EJBContainer.createEJBContainer(EJBContainer.java:56)
	at runner.TestRunnerStartingDecorator.before(TestRunnerStartingDecorator.java:84)
	at org.apache.openejb.junit.jee.statement.DecoratingStatement.evaluate(DecoratingStatement.java:30)
	at org.apache.openejb.junit.jee.statement.DecoratingStatement.evaluate(DecoratingStatement.java:32)
	at org.apache.openejb.junit.jee.statement.DecoratingStatement.evaluate(DecoratingStatement.java:32)
	at org.junit.runners.ParentRunner.run(ParentRunner.java:363)
	at org.apache.maven.surefire.junit4.JUnit4Provider.execute(JUnit4Provider.java:252)
	at org.apache.maven.surefire.junit4.JUnit4Provider.executeTestSet(JUnit4Provider.java:141)
	at org.apache.maven.surefire.junit4.JUnit4Provider.invoke(JUnit4Provider.java:112)
	at sun.reflect.NativeMethodAccessorImpl.invoke0(Native Method)
	at sun.reflect.NativeMethodAccessorImpl.invoke(NativeMethodAccessorImpl.java:62)
	at sun.reflect.DelegatingMethodAccessorImpl.invoke(DelegatingMethodAccessorImpl.java:43)
	at java.lang.reflect.Method.invoke(Method.java:498)
	at org.apache.maven.surefire.util.ReflectionUtils.invokeMethodWithArray(ReflectionUtils.java:189)
	at org.apache.maven.surefire.booter.ProviderFactory$ProviderProxy.invoke(ProviderFactory.java:165)
	at org.apache.maven.surefire.booter.ProviderFactory.invokeProvider(ProviderFactory.java:85)
	at org.apache.maven.surefire.booter.ForkedBooter.runSuitesInProcess(ForkedBooter.java:115)
	at org.apache.maven.surefire.booter.ForkedBooter.main(ForkedBooter.java:75)

mai 10, 2023 3:51:36 PM org.apache.openejb.util.LogStreamAsync run
SEVERE: undeployException original cause
java.lang.Exception: deployment not found: UsuarioRepository
	at org.apache.openejb.assembler.classic.Assembler.destroyApplication(Assembler.java:2378)
	at org.apache.openejb.assembler.classic.Assembler.createApplication(Assembler.java:1103)
	at org.apache.openejb.assembler.classic.Assembler.createApplication(Assembler.java:762)
	at org.apache.openejb.OpenEjbContainer$Provider.createAppContext(OpenEjbContainer.java:434)
	at org.apache.openejb.OpenEjbContainer$Provider.createEJBContainer(OpenEjbContainer.java:282)
	at javax.ejb.embeddable.EJBContainer.createEJBContainer(EJBContainer.java:56)
	at runner.TestRunnerStartingDecorator.before(TestRunnerStartingDecorator.java:84)
	at org.apache.openejb.junit.jee.statement.DecoratingStatement.evaluate(DecoratingStatement.java:30)
	at org.apache.openejb.junit.jee.statement.DecoratingStatement.evaluate(DecoratingStatement.java:32)
	at org.apache.openejb.junit.jee.statement.DecoratingStatement.evaluate(DecoratingStatement.java:32)
	at org.junit.runners.ParentRunner.run(ParentRunner.java:363)
	at org.apache.maven.surefire.junit4.JUnit4Provider.execute(JUnit4Provider.java:252)
	at org.apache.maven.surefire.junit4.JUnit4Provider.executeTestSet(JUnit4Provider.java:141)
	at org.apache.maven.surefire.junit4.JUnit4Provider.invoke(JUnit4Provider.java:112)
	at sun.reflect.NativeMethodAccessorImpl.invoke0(Native Method)
	at sun.reflect.NativeMethodAccessorImpl.invoke(NativeMethodAccessorImpl.java:62)
	at sun.reflect.DelegatingMethodAccessorImpl.invoke(DelegatingMethodAccessorImpl.java:43)
	at java.lang.reflect.Method.invoke(Method.java:498)
	at org.apache.maven.surefire.util.ReflectionUtils.invokeMethodWithArray(ReflectionUtils.java:189)
	at org.apache.maven.surefire.booter.ProviderFactory$ProviderProxy.invoke(ProviderFactory.java:165)
	at org.apache.maven.surefire.booter.ProviderFactory.invokeProvider(ProviderFactory.java:85)
	at org.apache.maven.surefire.booter.ForkedBooter.runSuitesInProcess(ForkedBooter.java:115)
	at org.apache.maven.surefire.booter.ForkedBooter.main(ForkedBooter.java:75)

mai 10, 2023 3:51:36 PM org.apache.openejb.util.LogStreamAsync run
SEVERE: undeployException original cause
java.lang.Exception: deployment not found: java-ee-andorinha-api.Comp747833043
	at org.apache.openejb.assembler.classic.Assembler.destroyApplication(Assembler.java:2378)
	at org.apache.openejb.assembler.classic.Assembler.createApplication(Assembler.java:1103)
	at org.apache.openejb.assembler.classic.Assembler.createApplication(Assembler.java:762)
	at org.apache.openejb.OpenEjbContainer$Provider.createAppContext(OpenEjbContainer.java:434)
	at org.apache.openejb.OpenEjbContainer$Provider.createEJBContainer(OpenEjbContainer.java:282)
	at javax.ejb.embeddable.EJBContainer.createEJBContainer(EJBContainer.java:56)
	at runner.TestRunnerStartingDecorator.before(TestRunnerStartingDecorator.java:84)
	at org.apache.openejb.junit.jee.statement.DecoratingStatement.evaluate(DecoratingStatement.java:30)
	at org.apache.openejb.junit.jee.statement.DecoratingStatement.evaluate(DecoratingStatement.java:32)
	at org.apache.openejb.junit.jee.statement.DecoratingStatement.evaluate(DecoratingStatement.java:32)
	at org.junit.runners.ParentRunner.run(ParentRunner.java:363)
	at org.apache.maven.surefire.junit4.JUnit4Provider.execute(JUnit4Provider.java:252)
	at org.apache.maven.surefire.junit4.JUnit4Provider.executeTestSet(JUnit4Provider.java:141)
	at org.apache.maven.surefire.junit4.JUnit4Provider.invoke(JUnit4Provider.java:112)
	at sun.reflect.NativeMethodAccessorImpl.invoke0(Native Method)
	at sun.reflect.NativeMethodAccessorImpl.invoke(NativeMethodAccessorImpl.java:62)
	at sun.reflect.DelegatingMethodAccessorImpl.invoke(DelegatingMethodAccessorImpl.java:43)
	at java.lang.reflect.Method.invoke(Method.java:498)
	at org.apache.maven.surefire.util.ReflectionUtils.invokeMethodWithArray(ReflectionUtils.java:189)
	at org.apache.maven.surefire.booter.ProviderFactory$ProviderProxy.invoke(ProviderFactory.java:165)
	at org.apache.maven.surefire.booter.ProviderFactory.invokeProvider(ProviderFactory.java:85)
	at org.apache.maven.surefire.booter.ForkedBooter.runSuitesInProcess(ForkedBooter.java:115)
	at org.apache.maven.surefire.booter.ForkedBooter.main(ForkedBooter.java:75)

mai 10, 2023 3:51:36 PM org.apache.openejb.util.LogStreamAsync run
SEVERE: undeployException original cause
java.lang.Exception: deployment not found: repository.TestUsuarioRepository
	at org.apache.openejb.assembler.classic.Assembler.destroyApplication(Assembler.java:2378)
	at org.apache.openejb.assembler.classic.Assembler.createApplication(Assembler.java:1103)
	at org.apache.openejb.assembler.classic.Assembler.createApplication(Assembler.java:762)
	at org.apache.openejb.OpenEjbContainer$Provider.createAppContext(OpenEjbContainer.java:434)
	at org.apache.openejb.OpenEjbContainer$Provider.createEJBContainer(OpenEjbContainer.java:282)
	at javax.ejb.embeddable.EJBContainer.createEJBContainer(EJBContainer.java:56)
	at runner.TestRunnerStartingDecorator.before(TestRunnerStartingDecorator.java:84)
	at org.apache.openejb.junit.jee.statement.DecoratingStatement.evaluate(DecoratingStatement.java:30)
	at org.apache.openejb.junit.jee.statement.DecoratingStatement.evaluate(DecoratingStatement.java:32)
	at org.apache.openejb.junit.jee.statement.DecoratingStatement.evaluate(DecoratingStatement.java:32)
	at org.junit.runners.ParentRunner.run(ParentRunner.java:363)
	at org.apache.maven.surefire.junit4.JUnit4Provider.execute(JUnit4Provider.java:252)
	at org.apache.maven.surefire.junit4.JUnit4Provider.executeTestSet(JUnit4Provider.java:141)
	at org.apache.maven.surefire.junit4.JUnit4Provider.invoke(JUnit4Provider.java:112)
	at sun.reflect.NativeMethodAccessorImpl.invoke0(Native Method)
	at sun.reflect.NativeMethodAccessorImpl.invoke(NativeMethodAccessorImpl.java:62)
	at sun.reflect.DelegatingMethodAccessorImpl.invoke(DelegatingMethodAccessorImpl.java:43)
	at java.lang.reflect.Method.invoke(Method.java:498)
	at org.apache.maven.surefire.util.ReflectionUtils.invokeMethodWithArray(ReflectionUtils.java:189)
	at org.apache.maven.surefire.booter.ProviderFactory$ProviderProxy.invoke(ProviderFactory.java:165)
	at org.apache.maven.surefire.booter.ProviderFactory.invokeProvider(ProviderFactory.java:85)
	at org.apache.maven.surefire.booter.ForkedBooter.runSuitesInProcess(ForkedBooter.java:115)
	at org.apache.maven.surefire.booter.ForkedBooter.main(ForkedBooter.java:75)

mai 10, 2023 3:51:36 PM org.apache.openejb.util.LogStreamAsync run
SEVERE: undeployException original cause
java.lang.Exception: deployment not found: EjbModule507383828.Comp1114681666
	at org.apache.openejb.assembler.classic.Assembler.destroyApplication(Assembler.java:2378)
	at org.apache.openejb.assembler.classic.Assembler.createApplication(Assembler.java:1103)
	at org.apache.openejb.assembler.classic.Assembler.createApplication(Assembler.java:762)
	at org.apache.openejb.OpenEjbContainer$Provider.createAppContext(OpenEjbContainer.java:434)
	at org.apache.openejb.OpenEjbContainer$Provider.createEJBContainer(OpenEjbContainer.java:282)
	at javax.ejb.embeddable.EJBContainer.createEJBContainer(EJBContainer.java:56)
	at runner.TestRunnerStartingDecorator.before(TestRunnerStartingDecorator.java:84)
	at org.apache.openejb.junit.jee.statement.DecoratingStatement.evaluate(DecoratingStatement.java:30)
	at org.apache.openejb.junit.jee.statement.DecoratingStatement.evaluate(DecoratingStatement.java:32)
	at org.apache.openejb.junit.jee.statement.DecoratingStatement.evaluate(DecoratingStatement.java:32)
	at org.junit.runners.ParentRunner.run(ParentRunner.java:363)
	at org.apache.maven.surefire.junit4.JUnit4Provider.execute(JUnit4Provider.java:252)
	at org.apache.maven.surefire.junit4.JUnit4Provider.executeTestSet(JUnit4Provider.java:141)
	at org.apache.maven.surefire.junit4.JUnit4Provider.invoke(JUnit4Provider.java:112)
	at sun.reflect.NativeMethodAccessorImpl.invoke0(Native Method)
	at sun.reflect.NativeMethodAccessorImpl.invoke(NativeMethodAccessorImpl.java:62)
	at sun.reflect.DelegatingMethodAccessorImpl.invoke(DelegatingMethodAccessorImpl.java:43)
	at java.lang.reflect.Method.invoke(Method.java:498)
	at org.apache.maven.surefire.util.ReflectionUtils.invokeMethodWithArray(ReflectionUtils.java:189)
	at org.apache.maven.surefire.booter.ProviderFactory$ProviderProxy.invoke(ProviderFactory.java:165)
	at org.apache.maven.surefire.booter.ProviderFactory.invokeProvider(ProviderFactory.java:85)
	at org.apache.maven.surefire.booter.ForkedBooter.runSuitesInProcess(ForkedBooter.java:115)
	at org.apache.maven.surefire.booter.ForkedBooter.main(ForkedBooter.java:75)

mai 10, 2023 3:51:36 PM org.apache.openejb.util.LogStreamAsync run
SEVERE: undeployException original cause
java.lang.Exception: persistence-unit: primary 275264431: Name &quot;openejb/PersistenceUnit/primary 275264431&quot; not found.
	at org.apache.openejb.assembler.classic.Assembler.destroyApplication(Assembler.java:2537)
	at org.apache.openejb.assembler.classic.Assembler.createApplication(Assembler.java:1103)
	at org.apache.openejb.assembler.classic.Assembler.createApplication(Assembler.java:762)
	at org.apache.openejb.OpenEjbContainer$Provider.createAppContext(OpenEjbContainer.java:434)
	at org.apache.openejb.OpenEjbContainer$Provider.createEJBContainer(OpenEjbContainer.java:282)
	at javax.ejb.embeddable.EJBContainer.createEJBContainer(EJBContainer.java:56)
	at runner.TestRunnerStartingDecorator.before(TestRunnerStartingDecorator.java:84)
	at org.apache.openejb.junit.jee.statement.DecoratingStatement.evaluate(DecoratingStatement.java:30)
	at org.apache.openejb.junit.jee.statement.DecoratingStatement.evaluate(DecoratingStatement.java:32)
	at org.apache.openejb.junit.jee.statement.DecoratingStatement.evaluate(DecoratingStatement.java:32)
	at org.junit.runners.ParentRunner.run(ParentRunner.java:363)
	at org.apache.maven.surefire.junit4.JUnit4Provider.execute(JUnit4Provider.java:252)
	at org.apache.maven.surefire.junit4.JUnit4Provider.executeTestSet(JUnit4Provider.java:141)
	at org.apache.maven.surefire.junit4.JUnit4Provider.invoke(JUnit4Provider.java:112)
	at sun.reflect.NativeMethodAccessorImpl.invoke0(Native Method)
	at sun.reflect.NativeMethodAccessorImpl.invoke(NativeMethodAccessorImpl.java:62)
	at sun.reflect.DelegatingMethodAccessorImpl.invoke(DelegatingMethodAccessorImpl.java:43)
	at java.lang.reflect.Method.invoke(Method.java:498)
	at org.apache.maven.surefire.util.ReflectionUtils.invokeMethodWithArray(ReflectionUtils.java:189)
	at org.apache.maven.surefire.booter.ProviderFactory$ProviderProxy.invoke(ProviderFactory.java:165)
	at org.apache.maven.surefire.booter.ProviderFactory.invokeProvider(ProviderFactory.java:85)
	at org.apache.maven.surefire.booter.ForkedBooter.runSuitesInProcess(ForkedBooter.java:115)
	at org.apache.maven.surefire.booter.ForkedBooter.main(ForkedBooter.java:75)
Caused by: javax.naming.NameNotFoundException: Name &quot;openejb/PersistenceUnit/primary 275264431&quot; not found.
	at org.apache.openejb.core.ivm.naming.IvmContext.federate(IvmContext.java:211)
	at org.apache.openejb.core.ivm.naming.IvmContext.lookup(IvmContext.java:159)
	at org.apache.openejb.assembler.classic.Assembler.destroyApplication(Assembler.java:2528)
	... 22 more

mai 10, 2023 3:51:36 PM org.apache.openejb.util.LogStreamAsync run
INFO: Closing DataSource: andorinhaDS
mai 10, 2023 3:51:36 PM org.apache.openejb.util.LogStreamAsync run
INFO: Closing DataSource: andorinhaDSNonJta
mai 10, 2023 3:51:36 PM org.apache.openejb.util.LogStreamAsync run
INFO: ********************************************************************************
mai 10, 2023 3:51:36 PM org.apache.openejb.util.LogStreamAsync run
INFO: OpenEJB https://tomee.apache.org/
mai 10, 2023 3:51:36 PM org.apache.openejb.util.LogStreamAsync run
INFO: Startup: Wed May 10 15:51:36 BRT 2023
mai 10, 2023 3:51:36 PM org.apache.openejb.util.LogStreamAsync run
INFO: Copyright 1999-2023 (C) Apache TomEE Project, All Rights Reserved.
mai 10, 2023 3:51:36 PM org.apache.openejb.util.LogStreamAsync run
INFO: Version: 8.0.14
mai 10, 2023 3:51:36 PM org.apache.openejb.util.LogStreamAsync run
INFO: Build date: 20230117
mai 10, 2023 3:51:36 PM org.apache.openejb.util.LogStreamAsync run
INFO: Build time: 01:46
mai 10, 2023 3:51:36 PM org.apache.openejb.util.LogStreamAsync run
INFO: ********************************************************************************
mai 10, 2023 3:51:36 PM org.apache.openejb.util.LogStreamAsync run
INFO: openejb.home = /home/luis/Documents/gbr/java-ee-andorinha-api
mai 10, 2023 3:51:36 PM org.apache.openejb.util.LogStreamAsync run
INFO: openejb.base = /home/luis/Documents/gbr/java-ee-andorinha-api
mai 10, 2023 3:51:36 PM org.apache.openejb.util.LogStreamAsync run
INFO: Created new singletonService org.apache.openejb.cdi.ThreadSingletonServiceImpl@47eaca72
mai 10, 2023 3:51:36 PM org.apache.openejb.util.LogStreamAsync run
INFO: Succeeded in installing singleton service
mai 10, 2023 3:51:36 PM org.apache.openejb.util.LogStreamAsync run
INFO: Using &apos;javax.ejb.embeddable.EJBContainer=true&apos;
mai 10, 2023 3:51:36 PM org.apache.openejb.util.LogStreamAsync run
INFO: Cannot find the configuration file [conf/openejb.xml].  Will attempt to create one for the beans deployed.
mai 10, 2023 3:51:36 PM org.apache.openejb.util.LogStreamAsync run
INFO: Configuring Service(id=Default Security Service, type=SecurityService, provider-id=Default Security Service)
mai 10, 2023 3:51:36 PM org.apache.openejb.util.LogStreamAsync run
INFO: Configuring Service(id=Default Transaction Manager, type=TransactionManager, provider-id=Default Transaction Manager)
mai 10, 2023 3:51:36 PM org.apache.openejb.util.LogStreamAsync run
INFO: Configuring Service(id=andorinhaDS, type=Resource, provider-id=Default JDBC Database)
mai 10, 2023 3:51:36 PM org.apache.openejb.util.LogStreamAsync run
INFO: Creating TransactionManager(id=Default Transaction Manager)
mai 10, 2023 3:51:36 PM org.apache.openejb.util.LogStreamAsync run
INFO: Creating SecurityService(id=Default Security Service)
mai 10, 2023 3:51:36 PM org.apache.openejb.util.LogStreamAsync run
INFO: Using &apos;java.security.auth.login.config=jar:file:/home/luis/.m2/repository/org/apache/tomee/openejb-core/8.0.14/openejb-core-8.0.14.jar!/login.config&apos;
mai 10, 2023 3:51:36 PM org.apache.openejb.util.LogStreamAsync run
INFO: Creating Resource(id=andorinhaDS, aliases=java:andorinhaDS)
mai 10, 2023 3:51:36 PM org.apache.openejb.util.LogStreamAsync run
INFO: Using &apos;openejb.deployments.classpath.include=.*/target/.*classes.*|.*openejb-core.*&apos;
mai 10, 2023 3:51:36 PM org.apache.openejb.util.LogStreamAsync run
INFO: Using &apos;openejb.deployments.classpath.exclude=.*ejb-cdi-unit.*&apos;
mai 10, 2023 3:51:36 PM org.apache.openejb.util.LogStreamAsync run
INFO: Found EjbModule in classpath: /home/luis/Documents/gbr/java-ee-andorinha-api/target/test-classes
mai 10, 2023 3:51:36 PM org.apache.openejb.util.LogStreamAsync run
INFO: Found EjbModule in classpath: /home/luis/Documents/gbr/java-ee-andorinha-api/target/classes
mai 10, 2023 3:51:36 PM org.apache.openejb.util.LogStreamAsync run
INFO: Found EjbModule in classpath: /home/luis/.m2/repository/org/apache/tomee/openejb-core/8.0.14/openejb-core-8.0.14.jar
mai 10, 2023 3:51:36 PM org.apache.openejb.util.LogStreamAsync run
INFO: Beginning load: /home/luis/Documents/gbr/java-ee-andorinha-api/target/test-classes
mai 10, 2023 3:51:36 PM org.apache.openejb.util.LogStreamAsync run
INFO: Beginning load: /home/luis/Documents/gbr/java-ee-andorinha-api/target/classes
mai 10, 2023 3:51:36 PM org.apache.openejb.util.LogStreamAsync run
INFO: Beginning load: /home/luis/.m2/repository/org/apache/tomee/openejb-core/8.0.14/openejb-core-8.0.14.jar
mai 10, 2023 3:51:36 PM org.apache.openejb.util.LogStreamAsync run
INFO: Configuring enterprise application: /home/luis/Documents/gbr/java-ee-andorinha-api
mai 10, 2023 3:51:36 PM org.apache.openejb.util.LogStreamAsync run
INFO: Auto-deploying ejb ComentarioRepository: EjbDeployment(deployment-id=ComentarioRepository)
mai 10, 2023 3:51:36 PM org.apache.openejb.util.LogStreamAsync run
INFO: Auto-deploying ejb TweetRepository: EjbDeployment(deployment-id=TweetRepository)
mai 10, 2023 3:51:36 PM org.apache.openejb.util.LogStreamAsync run
INFO: Auto-deploying ejb UsuarioRepository: EjbDeployment(deployment-id=UsuarioRepository)
mai 10, 2023 3:51:36 PM org.apache.openejb.util.LogStreamAsync run
INFO: Configuring Service(id=Default Managed Container, type=Container, provider-id=Default Managed Container)
mai 10, 2023 3:51:36 PM org.apache.openejb.util.LogStreamAsync run
INFO: Auto-creating a container for bean java-ee-andorinha-api_test.Comp73254846: Container(type=MANAGED, id=Default Managed Container)
mai 10, 2023 3:51:36 PM org.apache.openejb.util.LogStreamAsync run
INFO: Creating Container(id=Default Managed Container)
mai 10, 2023 3:51:36 PM org.apache.openejb.util.LogStreamAsync run
INFO: Using directory /tmp for stateful session passivation
mai 10, 2023 3:51:36 PM org.apache.openejb.util.LogStreamAsync run
INFO: Configuring Service(id=Default Stateless Container, type=Container, provider-id=Default Stateless Container)
mai 10, 2023 3:51:36 PM org.apache.openejb.util.LogStreamAsync run
INFO: Auto-creating a container for bean ComentarioRepository: Container(type=STATELESS, id=Default Stateless Container)
mai 10, 2023 3:51:36 PM org.apache.openejb.util.LogStreamAsync run
INFO: Creating Container(id=Default Stateless Container)
mai 10, 2023 3:51:36 PM org.apache.openejb.util.LogStreamAsync run
INFO: Auto-linking resource-ref &apos;java:comp/env/andorinhaDS&apos; in bean ComentarioRepository to Resource(id=andorinhaDS)
mai 10, 2023 3:51:36 PM org.apache.openejb.util.LogStreamAsync run
INFO: Auto-linking resource-ref &apos;java:comp/env/andorinhaDS&apos; in bean TweetRepository to Resource(id=andorinhaDS)
mai 10, 2023 3:51:36 PM org.apache.openejb.util.LogStreamAsync run
INFO: Auto-linking resource-ref &apos;java:comp/env/andorinhaDS&apos; in bean UsuarioRepository to Resource(id=andorinhaDS)
mai 10, 2023 3:51:36 PM org.apache.openejb.util.LogStreamAsync run
INFO: Auto-linking resource-ref &apos;java:comp/env/andorinhaDS&apos; in bean java-ee-andorinha-api.Comp1827344889 to Resource(id=andorinhaDS)
mai 10, 2023 3:51:36 PM org.apache.openejb.util.LogStreamAsync run
INFO: Configuring PersistenceUnit(name=primary, provider=org.hibernate.jpa.HibernatePersistenceProvider)
mai 10, 2023 3:51:36 PM org.apache.openejb.util.LogStreamAsync run
INFO: Auto-creating a Resource with id &apos;andorinhaDSNonJta&apos; of type &apos;DataSource&apos; for &apos;primary&apos;.
mai 10, 2023 3:51:36 PM org.apache.openejb.util.LogStreamAsync run
INFO: Configuring Service(id=andorinhaDSNonJta, type=Resource, provider-id=andorinhaDS)
mai 10, 2023 3:51:36 PM org.apache.openejb.util.LogStreamAsync run
INFO: Creating Resource(id=andorinhaDSNonJta)
mai 10, 2023 3:51:36 PM org.apache.openejb.util.LogStreamAsync run
INFO: Adjusting PersistenceUnit primary &lt;non-jta-data-source&gt; to Resource ID &apos;andorinhaDSNonJta&apos; from &apos;null&apos;
mai 10, 2023 3:51:36 PM org.apache.openejb.util.LogStreamAsync run
INFO: Enterprise application &quot;/home/luis/Documents/gbr/java-ee-andorinha-api&quot; loaded.
mai 10, 2023 3:51:36 PM org.apache.openejb.util.LogStreamAsync run
INFO: Assembling app: /home/luis/Documents/gbr/java-ee-andorinha-api
mai 10, 2023 3:51:36 PM org.apache.openejb.util.LogStreamAsync run
INFO: PersistenceUnit(name=primary, provider=org.hibernate.jpa.HibernatePersistenceProvider) - provider time 0ms
mai 10, 2023 3:51:36 PM org.apache.openejb.util.LogStreamAsync run
INFO: Undeploying app: /home/luis/Documents/gbr/java-ee-andorinha-api
mai 10, 2023 3:51:36 PM org.apache.openejb.util.LogStreamAsync run
SEVERE: undeployException original cause
java.lang.Exception: deployment not found: java-ee-andorinha-api_test.Comp73254846
	at org.apache.openejb.assembler.classic.Assembler.destroyApplication(Assembler.java:2378)
	at org.apache.openejb.assembler.classic.Assembler.createApplication(Assembler.java:1103)
	at org.apache.openejb.assembler.classic.Assembler.createApplication(Assembler.java:762)
	at org.apache.openejb.OpenEjbContainer$Provider.createAppContext(OpenEjbContainer.java:434)
	at org.apache.openejb.OpenEjbContainer$Provider.createEJBContainer(OpenEjbContainer.java:282)
	at javax.ejb.embeddable.EJBContainer.createEJBContainer(EJBContainer.java:56)
	at runner.TestRunnerStartingDecorator.before(TestRunnerStartingDecorator.java:84)
	at org.apache.openejb.junit.jee.statement.DecoratingStatement.evaluate(DecoratingStatement.java:30)
	at org.apache.openejb.junit.jee.statement.DecoratingStatement.evaluate(DecoratingStatement.java:32)
	at org.apache.openejb.junit.jee.statement.DecoratingStatement.evaluate(DecoratingStatement.java:32)
	at org.junit.runners.ParentRunner.run(ParentRunner.java:363)
	at org.apache.maven.surefire.junit4.JUnit4Provider.execute(JUnit4Provider.java:252)
	at org.apache.maven.surefire.junit4.JUnit4Provider.executeTestSet(JUnit4Provider.java:141)
	at org.apache.maven.surefire.junit4.JUnit4Provider.invoke(JUnit4Provider.java:112)
	at sun.reflect.NativeMethodAccessorImpl.invoke0(Native Method)
	at sun.reflect.NativeMethodAccessorImpl.invoke(NativeMethodAccessorImpl.java:62)
	at sun.reflect.DelegatingMethodAccessorImpl.invoke(DelegatingMethodAccessorImpl.java:43)
	at java.lang.reflect.Method.invoke(Method.java:498)
	at org.apache.maven.surefire.util.ReflectionUtils.invokeMethodWithArray(ReflectionUtils.java:189)
	at org.apache.maven.surefire.booter.ProviderFactory$ProviderProxy.invoke(ProviderFactory.java:165)
	at org.apache.maven.surefire.booter.ProviderFactory.invokeProvider(ProviderFactory.java:85)
	at org.apache.maven.surefire.booter.ForkedBooter.runSuitesInProcess(ForkedBooter.java:115)
	at org.apache.maven.surefire.booter.ForkedBooter.main(ForkedBooter.java:75)

mai 10, 2023 3:51:36 PM org.apache.openejb.util.LogStreamAsync run
SEVERE: undeployException original cause
java.lang.Exception: deployment not found: ComentarioRepository
	at org.apache.openejb.assembler.classic.Assembler.destroyApplication(Assembler.java:2378)
	at org.apache.openejb.assembler.classic.Assembler.createApplication(Assembler.java:1103)
	at org.apache.openejb.assembler.classic.Assembler.createApplication(Assembler.java:762)
	at org.apache.openejb.OpenEjbContainer$Provider.createAppContext(OpenEjbContainer.java:434)
	at org.apache.openejb.OpenEjbContainer$Provider.createEJBContainer(OpenEjbContainer.java:282)
	at javax.ejb.embeddable.EJBContainer.createEJBContainer(EJBContainer.java:56)
	at runner.TestRunnerStartingDecorator.before(TestRunnerStartingDecorator.java:84)
	at org.apache.openejb.junit.jee.statement.DecoratingStatement.evaluate(DecoratingStatement.java:30)
	at org.apache.openejb.junit.jee.statement.DecoratingStatement.evaluate(DecoratingStatement.java:32)
	at org.apache.openejb.junit.jee.statement.DecoratingStatement.evaluate(DecoratingStatement.java:32)
	at org.junit.runners.ParentRunner.run(ParentRunner.java:363)
	at org.apache.maven.surefire.junit4.JUnit4Provider.execute(JUnit4Provider.java:252)
	at org.apache.maven.surefire.junit4.JUnit4Provider.executeTestSet(JUnit4Provider.java:141)
	at org.apache.maven.surefire.junit4.JUnit4Provider.invoke(JUnit4Provider.java:112)
	at sun.reflect.NativeMethodAccessorImpl.invoke0(Native Method)
	at sun.reflect.NativeMethodAccessorImpl.invoke(NativeMethodAccessorImpl.java:62)
	at sun.reflect.DelegatingMethodAccessorImpl.invoke(DelegatingMethodAccessorImpl.java:43)
	at java.lang.reflect.Method.invoke(Method.java:498)
	at org.apache.maven.surefire.util.ReflectionUtils.invokeMethodWithArray(ReflectionUtils.java:189)
	at org.apache.maven.surefire.booter.ProviderFactory$ProviderProxy.invoke(ProviderFactory.java:165)
	at org.apache.maven.surefire.booter.ProviderFactory.invokeProvider(ProviderFactory.java:85)
	at org.apache.maven.surefire.booter.ForkedBooter.runSuitesInProcess(ForkedBooter.java:115)
	at org.apache.maven.surefire.booter.ForkedBooter.main(ForkedBooter.java:75)

</system-err>
  </testcase>
</testsuite>